# JRE version: Java(TM) SE Runtime Environment (8.0_20-b26) (build 1.8.0_20-b26)
# Java VM: Java HotSpot(TM) 64-Bit Server VM (25.20-b23 mixed mode linux-amd64 compressed oops)
Heap:
 PSYoungGen      total 210944K, used 114K [0x00000000eb980000, 0x00000000f8f00000, 0x0000000100000000)
  eden space 203264K, 0% used [0x00000000eb980000,0x00000000eb980000,0x00000000f8000000)
  from space 7680K, 1% used [0x00000000f8000000,0x00000000f801cb30,0x00000000f8780000)
  to   space 7680K, 0% used [0x00000000f8780000,0x00000000f8780000,0x00000000f8f00000)
 ParOldGen       total 42496K, used 10322K [0x00000000c2c00000, 0x00000000c5580000, 0x00000000eb980000)
  object space 42496K, 24% used [0x00000000c2c00000,0x00000000c3614848,0x00000000c5580000)
 Metaspace       used 18798K, capacity 19016K, committed 19200K, reserved 1067008K
  class space    used 2248K, capacity 2294K, committed 2304K, reserved 1048576K
GC Heap History (10 events):
Event: 11,126 GC heap after
Heap after GC invocations=6 (full 0):
 PSYoungGen      total 70144K, used 2810K [0x00000000eb980000, 0x00000000f0580000, 0x0000000100000000)
  eden space 63488K, 0% used [0x00000000eb980000,0x00000000eb980000,0x00000000ef780000)
  from space 6656K, 42% used [0x00000000eff00000,0x00000000f01bebb0,0x00000000f0580000)
  to   space 7168K, 0% used [0x00000000ef780000,0x00000000ef780000,0x00000000efe80000)
 ParOldGen       total 42496K, used 7535K [0x00000000c2c00000, 0x00000000c5580000, 0x00000000eb980000)
  object space 42496K, 17% used [0x00000000c2c00000,0x00000000c335bcd8,0x00000000c5580000)
 Metaspace       used 18780K, capacity 19016K, committed 19200K, reserved 1067008K
  class space    used 2248K, capacity 2294K, committed 2304K, reserved 1048576K
}
Event: 11,277 GC heap before
{Heap before GC invocations=7 (full 0):
 PSYoungGen      total 70144K, used 66298K [0x00000000eb980000, 0x00000000f0580000, 0x0000000100000000)
  eden space 63488K, 100% used [0x00000000eb980000,0x00000000ef780000,0x00000000ef780000)
  from space 6656K, 42% used [0x00000000eff00000,0x00000000f01bebb0,0x00000000f0580000)
  to   space 7168K, 0% used [0x00000000ef780000,0x00000000ef780000,0x00000000efe80000)
 ParOldGen       total 42496K, used 7535K [0x00000000c2c00000, 0x00000000c5580000, 0x00000000eb980000)
  object space 42496K, 17% used [0x00000000c2c00000,0x00000000c335bcd8,0x00000000c5580000)
 Metaspace       used 18781K, capacity 19016K, committed 19200K, reserved 1067008K
  class space    used 2248K, capacity 2294K, committed 2304K, reserved 1048576K
Event: 11,304 GC heap after
Heap after GC invocations=7 (full 0):
 PSYoungGen      total 70656K, used 400K [0x00000000eb980000, 0x00000000f4480000, 0x0000000100000000)
  eden space 63488K, 0% used [0x00000000eb980000,0x00000000eb980000,0x00000000ef780000)
  from space 7168K, 5% used [0x00000000ef780000,0x00000000ef7e4010,0x00000000efe80000)
  to   space 7680K, 0% used [0x00000000f3d00000,0x00000000f3d00000,0x00000000f4480000)
 ParOldGen       total 42496K, used 9978K [0x00000000c2c00000, 0x00000000c5580000, 0x00000000eb980000)
  object space 42496K, 23% used [0x00000000c2c00000,0x00000000c35beb70,0x00000000c5580000)
 Metaspace       used 18781K, capacity 19016K, committed 19200K, reserved 1067008K
  class space    used 2248K, capacity 2294K, committed 2304K, reserved 1048576K
}
Event: 11,429 GC heap before
{Heap before GC invocations=8 (full 0):
 PSYoungGen      total 70656K, used 63888K [0x00000000eb980000, 0x00000000f4480000, 0x0000000100000000)
  eden space 63488K, 100% used [0x00000000eb980000,0x00000000ef780000,0x00000000ef780000)
  from space 7168K, 5% used [0x00000000ef780000,0x00000000ef7e4010,0x00000000efe80000)
  to   space 7680K, 0% used [0x00000000f3d00000,0x00000000f3d00000,0x00000000f4480000)
 ParOldGen       total 42496K, used 9978K [0x00000000c2c00000, 0x00000000c5580000, 0x00000000eb980000)
  object space 42496K, 23% used [0x00000000c2c00000,0x00000000c35beb70,0x00000000c5580000)
 Metaspace       used 18781K, capacity 19016K, committed 19200K, reserved 1067008K
  class space    used 2248K, capacity 2294K, committed 2304K, reserved 1048576K
Event: 11,431 GC heap after
Heap after GC invocations=8 (full 0):
 PSYoungGen      total 134656K, used 300K [0x00000000eb980000, 0x00000000f4480000, 0x0000000100000000)
  eden space 126976K, 0% used [0x00000000eb980000,0x00000000eb980000,0x00000000f3580000)
  from space 7680K, 3% used [0x00000000f3d00000,0x00000000f3d4b3f8,0x00000000f4480000)
  to   space 7680K, 0% used [0x00000000f3580000,0x00000000f3580000,0x00000000f3d00000)
 ParOldGen       total 42496K, used 10074K [0x00000000c2c00000, 0x00000000c5580000, 0x00000000eb980000)
  object space 42496K, 23% used [0x00000000c2c00000,0x00000000c35d6b90,0x00000000c5580000)
 Metaspace       used 18781K, capacity 19016K, committed 19200K, reserved 1067008K
  class space    used 2248K, capacity 2294K, committed 2304K, reserved 1048576K
}
Event: 11,678 GC heap before
{Heap before GC invocations=9 (full 0):
 PSYoungGen      total 134656K, used 127276K [0x00000000eb980000, 0x00000000f4480000, 0x0000000100000000)
  eden space 126976K, 100% used [0x00000000eb980000,0x00000000f3580000,0x00000000f3580000)
  from space 7680K, 3% used [0x00000000f3d00000,0x00000000f3d4b3f8,0x00000000f4480000)
  to   space 7680K, 0% used [0x00000000f3580000,0x00000000f3580000,0x00000000f3d00000)
 ParOldGen       total 42496K, used 10074K [0x00000000c2c00000, 0x00000000c5580000, 0x00000000eb980000)
  object space 42496K, 23% used [0x00000000c2c00000,0x00000000c35d6b90,0x00000000c5580000)
 Metaspace       used 18784K, capacity 19016K, committed 19200K, reserved 1067008K
  class space    used 2248K, capacity 2294K, committed 2304K, reserved 1048576K
Event: 11,680 GC heap after
Heap after GC invocations=9 (full 0):
 PSYoungGen      total 134656K, used 32K [0x00000000eb980000, 0x00000000f8f00000, 0x0000000100000000)
  eden space 126976K, 0% used [0x00000000eb980000,0x00000000eb980000,0x00000000f3580000)
  from space 7680K, 0% used [0x00000000f3580000,0x00000000f3588000,0x00000000f3d00000)
  to   space 7680K, 0% used [0x00000000f8780000,0x00000000f8780000,0x00000000f8f00000)
 ParOldGen       total 42496K, used 10306K [0x00000000c2c00000, 0x00000000c5580000, 0x00000000eb980000)
  object space 42496K, 24% used [0x00000000c2c00000,0x00000000c3610848,0x00000000c5580000)
 Metaspace       used 18784K, capacity 19016K, committed 19200K, reserved 1067008K
  class space    used 2248K, capacity 2294K, committed 2304K, reserved 1048576K
}
Event: 11,823 GC heap before
{Heap before GC invocations=10 (full 0):
 PSYoungGen      total 134656K, used 127008K [0x00000000eb980000, 0x00000000f8f00000, 0x0000000100000000)
  eden space 126976K, 100% used [0x00000000eb980000,0x00000000f3580000,0x00000000f3580000)
  from space 7680K, 0% used [0x00000000f3580000,0x00000000f3588000,0x00000000f3d00000)
  to   space 7680K, 0% used [0x00000000f8780000,0x00000000f8780000,0x00000000f8f00000)
 ParOldGen       total 42496K, used 10306K [0x00000000c2c00000, 0x00000000c5580000, 0x00000000eb980000)
  object space 42496K, 24% used [0x00000000c2c00000,0x00000000c3610848,0x00000000c5580000)
 Metaspace       used 18785K, capacity 19016K, committed 19200K, reserved 1067008K
  class space    used 2248K, capacity 2294K, committed 2304K, reserved 1048576K
Event: 11,824 GC heap after
Heap after GC invocations=10 (full 0):
 PSYoungGen      total 210944K, used 74K [0x00000000eb980000, 0x00000000f8f00000, 0x0000000100000000)
  eden space 203264K, 0% used [0x00000000eb980000,0x00000000eb980000,0x00000000f8000000)
  from space 7680K, 0% used [0x00000000f8780000,0x00000000f87929b0,0x00000000f8f00000)
  to   space 7680K, 0% used [0x00000000f8000000,0x00000000f8000000,0x00000000f8780000)
 ParOldGen       total 42496K, used 10314K [0x00000000c2c00000, 0x00000000c5580000, 0x00000000eb980000)
  object space 42496K, 24% used [0x00000000c2c00000,0x00000000c3612848,0x00000000c5580000)
 Metaspace       used 18785K, capacity 19016K, committed 19200K, reserved 1067008K
  class space    used 2248K, capacity 2294K, committed 2304K, reserved 1048576K
}
Event: 12,155 GC heap before
{Heap before GC invocations=11 (full 0):
 PSYoungGen      total 210944K, used 203338K [0x00000000eb980000, 0x00000000f8f00000, 0x0000000100000000)
  eden space 203264K, 100% used [0x00000000eb980000,0x00000000f8000000,0x00000000f8000000)
  from space 7680K, 0% used [0x00000000f8780000,0x00000000f87929b0,0x00000000f8f00000)
  to   space 7680K, 0% used [0x00000000f8000000,0x00000000f8000000,0x00000000f8780000)
 ParOldGen       total 42496K, used 10314K [0x00000000c2c00000, 0x00000000c5580000, 0x00000000eb980000)
  object space 42496K, 24% used [0x00000000c2c00000,0x00000000c3612848,0x00000000c5580000)
 Metaspace       used 18798K, capacity 19016K, committed 19200K, reserved 1067008K
  class space    used 2248K, capacity 2294K, committed 2304K, reserved 1048576K

